# JRE version: OpenJDK Runtime Environment (11.0.13+8) (build 11.0.13+8)
# Java VM: OpenJDK 64-Bit Server VM (11.0.13+8, mixed mode, tiered, compressed oops, g1 gc, linux-amd64)
Heap:
 garbage-first heap   total 262144K, used 160055K [0x00000000e0000000, 0x0000000100000000)
  region size 1024K, 124 young (126976K), 19 survivors (19456K)
 Metaspace       used 68762K, capacity 70727K, committed 70992K, reserved 317440K
  class space    used 8813K, capacity 9446K, committed 9472K, reserved 253952K
GC Heap History (16 events):
Event: 0.592 GC heap before
{Heap before GC invocations=0 (full 0):
 garbage-first heap   total 262144K, used 19456K [0x00000000e0000000, 0x0000000100000000)
  region size 1024K, 14 young (14336K), 0 survivors (0K)
 Metaspace       used 7349K, capacity 7519K, committed 7680K, reserved 262144K
  class space    used 657K, capacity 716K, committed 768K, reserved 253952K
}
Event: 0.601 GC heap after
{Heap after GC invocations=1 (full 0):
 garbage-first heap   total 262144K, used 7842K [0x00000000e0000000, 0x0000000100000000)
  region size 1024K, 2 young (2048K), 2 survivors (2048K)
 Metaspace       used 7349K, capacity 7519K, committed 7680K, reserved 262144K
  class space    used 657K, capacity 716K, committed 768K, reserved 253952K
}
Event: 16.863 GC heap before
{Heap before GC invocations=1 (full 0):
 garbage-first heap   total 262144K, used 98978K [0x00000000e0000000, 0x0000000100000000)
  region size 1024K, 93 young (95232K), 2 survivors (2048K)
 Metaspace       used 20704K, capacity 21126K, committed 21296K, reserved 274432K
  class space    used 2516K, capacity 2667K, committed 2688K, reserved 253952K
}
Event: 16.874 GC heap after
{Heap after GC invocations=2 (full 0):
 garbage-first heap   total 262144K, used 16325K [0x00000000e0000000, 0x0000000100000000)
  region size 1024K, 11 young (11264K), 11 survivors (11264K)
 Metaspace       used 20704K, capacity 21126K, committed 21296K, reserved 274432K
  class space    used 2516K, capacity 2667K, committed 2688K, reserved 253952K
}
Event: 18.161 GC heap before
{Heap before GC invocations=3 (full 0):
 garbage-first heap   total 262144K, used 27589K [0x00000000e0000000, 0x0000000100000000)
  region size 1024K, 22 young (22528K), 11 survivors (11264K)
 Metaspace       used 21238K, capacity 21743K, committed 22064K, reserved 274432K
  class space    used 2638K, capacity 2831K, committed 2944K, reserved 253952K
}
Event: 18.170 GC heap after
{Heap after GC invocations=4 (full 0):
 garbage-first heap   total 262144K, used 16695K [0x00000000e0000000, 0x0000000100000000)
  region size 1024K, 1 young (1024K), 1 survivors (1024K)
 Metaspace       used 21238K, capacity 21743K, committed 22064K, reserved 274432K
  class space    used 2638K, capacity 2831K, committed 2944K, reserved 253952K
}
Event: 29.799 GC heap before
{Heap before GC invocations=4 (full 0):
 garbage-first heap   total 262144K, used 94519K [0x00000000e0000000, 0x0000000100000000)
  region size 1024K, 77 young (78848K), 1 survivors (1024K)
 Metaspace       used 32499K, capacity 33158K, committed 33584K, reserved 284672K
  class space    used 4146K, capacity 4425K, committed 4480K, reserved 253952K
}
Event: 29.808 GC heap after
{Heap after GC invocations=5 (full 0):
 garbage-first heap   total 262144K, used 20213K [0x00000000e0000000, 0x0000000100000000)
  region size 1024K, 5 young (5120K), 5 survivors (5120K)
 Metaspace       used 32499K, capacity 33158K, committed 33584K, reserved 284672K
  class space    used 4146K, capacity 4425K, committed 4480K, reserved 253952K
}
Event: 32.160 GC heap before
{Heap before GC invocations=5 (full 0):
 garbage-first heap   total 262144K, used 40693K [0x00000000e0000000, 0x0000000100000000)
  region size 1024K, 24 young (24576K), 5 survivors (5120K)
 Metaspace       used 35002K, capacity 35647K, committed 35920K, reserved 286720K
  class space    used 4457K, capacity 4743K, committed 4864K, reserved 253952K
}
Event: 32.185 GC heap after
{Heap after GC invocations=6 (full 0):
 garbage-first heap   total 262144K, used 23892K [0x00000000e0000000, 0x0000000100000000)
  region size 1024K, 6 young (6144K), 6 survivors (6144K)
 Metaspace       used 35002K, capacity 35647K, committed 35920K, reserved 286720K
  class space    used 4457K, capacity 4743K, committed 4864K, reserved 253952K
}
Event: 45.394 GC heap before
{Heap before GC invocations=7 (full 0):
 garbage-first heap   total 262144K, used 132436K [0x00000000e0000000, 0x0000000100000000)
  region size 1024K, 111 young (113664K), 6 survivors (6144K)
 Metaspace       used 44156K, capacity 45163K, committed 45520K, reserved 294912K
  class space    used 5561K, capacity 5935K, committed 6016K, reserved 253952K
}
Event: 45.422 GC heap after
{Heap after GC invocations=8 (full 0):
 garbage-first heap   total 262144K, used 28664K [0x00000000e0000000, 0x0000000100000000)
  region size 1024K, 13 young (13312K), 13 survivors (13312K)
 Metaspace       used 44156K, capacity 45163K, committed 45520K, reserved 294912K
  class space    used 5561K, capacity 5935K, committed 6016K, reserved 253952K
}
Event: 53.966 GC heap before
{Heap before GC invocations=9 (full 0):
 garbage-first heap   total 262144K, used 151544K [0x00000000e0000000, 0x0000000100000000)
  region size 1024K, 131 young (134144K), 13 survivors (13312K)
 Metaspace       used 53983K, capacity 55346K, committed 55760K, reserved 303104K
  class space    used 6748K, capacity 7190K, committed 7296K, reserved 253952K
}
Event: 54.006 GC heap after
{Heap after GC invocations=10 (full 0):
 garbage-first heap   total 262144K, used 40843K [0x00000000e0000000, 0x0000000100000000)
  region size 1024K, 17 young (17408K), 17 survivors (17408K)
 Metaspace       used 53983K, capacity 55346K, committed 55760K, reserved 303104K
  class space    used 6748K, capacity 7190K, committed 7296K, reserved 253952K
}
Event: 64.132 GC heap before
{Heap before GC invocations=10 (full 0):
 garbage-first heap   total 262144K, used 178059K [0x00000000e0000000, 0x0000000100000000)
  region size 1024K, 151 young (154624K), 17 survivors (17408K)
 Metaspace       used 64647K, capacity 66213K, committed 66640K, reserved 313344K
  class space    used 8256K, capacity 8840K, committed 8960K, reserved 253952K
}
Event: 64.173 GC heap after
{Heap after GC invocations=11 (full 0):
 garbage-first heap   total 262144K, used 51511K [0x00000000e0000000, 0x0000000100000000)
  region size 1024K, 19 young (19456K), 19 survivors (19456K)
 Metaspace       used 64647K, capacity 66213K, committed 66640K, reserved 313344K
  class space    used 8256K, capacity 8840K, committed 8960K, reserved 253952K
}

